[04-Oct-2023 12:50:37] NOTICE: fpm is running, pid 26097
[04-Oct-2023 12:50:37] NOTICE: ready to handle connections
[17-Oct-2023 12:29:58] NOTICE: Terminating ...
[17-Oct-2023 12:29:58] NOTICE: Terminating ...
[17-Oct-2023 12:29:58] NOTICE: exiting, bye-bye!
[17-Oct-2023 16:00:42] NOTICE: fpm is running, pid 8840
[17-Oct-2023 16:00:42] NOTICE: ready to handle connections
[24-Oct-2023 11:22:39] NOTICE: Terminating ...
[24-Oct-2023 11:22:39] NOTICE: Terminating ...
[24-Oct-2023 11:22:39] NOTICE: exiting, bye-bye!
[26-Oct-2023 17:40:31] NOTICE: fpm is running, pid 8609
[26-Oct-2023 17:40:31] NOTICE: ready to handle connections
[27-Oct-2023 11:35:07] NOTICE: Terminating ...
[27-Oct-2023 11:35:07] NOTICE: Terminating ...
[27-Oct-2023 11:35:07] NOTICE: exiting, bye-bye!
[27-Oct-2023 13:03:05] NOTICE: fpm is running, pid 3131
[27-Oct-2023 13:03:05] NOTICE: ready to handle connections
[30-Oct-2023 13:06:47] NOTICE: Terminating ...
[30-Oct-2023 13:06:47] NOTICE: Terminating ...
[30-Oct-2023 13:06:47] NOTICE: exiting, bye-bye!
[31-Oct-2023 18:53:09] NOTICE: fpm is running, pid 19539
[31-Oct-2023 18:53:09] NOTICE: ready to handle connections
[01-Nov-2023 16:22:28] NOTICE: Terminating ...
[01-Nov-2023 16:22:28] NOTICE: Terminating ...
[01-Nov-2023 16:22:28] NOTICE: exiting, bye-bye!
[06-Nov-2023 13:50:20] NOTICE: fpm is running, pid 38372
[06-Nov-2023 13:50:20] NOTICE: ready to handle connections
[07-Nov-2023 10:57:20] NOTICE: Terminating ...
[07-Nov-2023 10:57:20] NOTICE: Terminating ...
[07-Nov-2023 10:57:20] NOTICE: exiting, bye-bye!
[08-Nov-2023 09:11:37] NOTICE: fpm is running, pid 14754
[08-Nov-2023 09:11:37] NOTICE: ready to handle connections
[09-Nov-2023 21:28:43] NOTICE: Terminating ...
[09-Nov-2023 21:28:43] NOTICE: Terminating ...
[09-Nov-2023 21:28:43] NOTICE: exiting, bye-bye!
[16-Nov-2023 16:59:29] NOTICE: fpm is running, pid 21327
[16-Nov-2023 16:59:29] NOTICE: ready to handle connections
[17-Nov-2023 20:05:58] NOTICE: Terminating ...
[17-Nov-2023 20:05:58] NOTICE: Terminating ...
[17-Nov-2023 20:05:58] NOTICE: exiting, bye-bye!
[25-Dec-2023 16:56:07] NOTICE: fpm is running, pid 73886
[25-Dec-2023 16:56:07] NOTICE: ready to handle connections
